<?xml version="1.0" encoding="UTF-8"?>
<testsuite name="it.unibo.deathnote.TestDeathNote" tests="5" skipped="0" failures="0" errors="0" timestamp="2024-11-12T14:49:14" hostname="ETTORE_SPACCINI" time="6.286">
  <properties/>
  <testcase name="testDeathCause4()" classname="it.unibo.deathnote.TestDeathNote" time="0.153"/>
  <testcase name="testDeathCause5()" classname="it.unibo.deathnote.TestDeathNote" time="6.108"/>
  <testcase name="testDeathNote()" classname="it.unibo.deathnote.TestDeathNote" time="0.005"/>
  <testcase name="noRulesEmptyOrNull()" classname="it.unibo.deathnote.TestDeathNote" time="0.002"/>
  <testcase name="testRuleNumberEqualZero()" classname="it.unibo.deathnote.TestDeathNote" time="0.003"/>
  <system-out><![CDATA[]]></system-out>
  <system-err><![CDATA[]]></system-err>
</testsuite>
